<?xml version="1.0" encoding="UTF-8" ?>
<testsuite failures="0" time="0.429" errors="0" skipped="0" tests="1" name="com.maventest.user.TestUser">
  <properties>
    <property name="java.runtime.name" value="Java(TM) SE Runtime Environment"/>
    <property name="sun.boot.library.path" value="C:\MyEclipse\Common\binary\com.sun.java.jdk.win32.x86_64_1.6.0.013\jre\bin"/>
    <property name="java.vm.version" value="11.3-b02"/>
    <property name="java.vm.vendor" value="Sun Microsystems Inc."/>
    <property name="java.vendor.url" value="http://java.sun.com/"/>
    <property name="path.separator" value=";"/>
    <property name="java.vm.name" value="Java HotSpot(TM) 64-Bit Server VM"/>
    <property name="file.encoding.pkg" value="sun.io"/>
    <property name="user.country" value="CN"/>
    <property name="sun.java.launcher" value="SUN_STANDARD"/>
    <property name="sun.os.patch.level" value=""/>
    <property name="java.vm.specification.name" value="Java Virtual Machine Specification"/>
    <property name="user.dir" value="C:\Users\MyPC\Workspaces\MyEclipse 10\StandardMavenDemo1"/>
    <property name="java.runtime.version" value="1.6.0_13-b03"/>
    <property name="java.awt.graphicsenv" value="sun.awt.Win32GraphicsEnvironment"/>
    <property name="basedir" value="C:\Users\MyPC\Workspaces\MyEclipse 10\StandardMavenDemo1"/>
    <property name="java.endorsed.dirs" value="C:\MyEclipse\Common\binary\com.sun.java.jdk.win32.x86_64_1.6.0.013\jre\lib\endorsed"/>
    <property name="os.arch" value="amd64"/>
    <property name="surefire.real.class.path" value="C:\Users\MyPC\Workspaces\MyEclipse 10\StandardMavenDemo1\target\surefire\surefirebooter6386160917815175486.jar"/>
    <property name="java.io.tmpdir" value="C:\Users\MyPC\AppData\Local\Temp\"/>
    <property name="line.separator" value="
"/>
    <property name="java.vm.specification.vendor" value="Sun Microsystems Inc."/>
    <property name="user.variant" value=""/>
    <property name="os.name" value="Windows Vista"/>
    <property name="sun.jnu.encoding" value="GBK"/>
    <property name="java.library.path" value="C:\MyEclipse\Common\binary\com.sun.java.jdk.win32.x86_64_1.6.0.013\jre\bin;.;C:\Windows\Sun\Java\bin;C:\Windows\system32;C:\Windows;C:\ProgramData\Oracle\Java\javapath;C:\Python27\;C:\Python27\Scripts;C:\Windows\system32;C:\Windows;C:\Windows\System32\Wbem;C:\Windows\System32\WindowsPowerShell\v1.0\;C:\Program Files (x86)\NVIDIA Corporation\PhysX\Common;C:\Program Files\Git\cmd;C:\Program Files\TortoiseGit\bin;ï¼›C:\Program Files\Java\jdk1.8.0_101\\bin;C:\Program Files\Java\jdk1.8.0_101\\jre\bin;C:\Program Files (x86)\nodejs\;C:\Program Files (x86)\Appium;C:\Program Files (x86)\Appium\node_modules\.bin;C:\maven3.6.0\bin\;;C:\Program Files\NVIDIA Corporation\NVIDIA NvDLISR;C;C:\Users\MyPC\AppData\Roaming\npm"/>
    <property name="surefire.test.class.path" value="C:\Users\MyPC\Workspaces\MyEclipse 10\StandardMavenDemo1\target\test-classes;C:\Users\MyPC\Workspaces\MyEclipse 10\StandardMavenDemo1\target\classes;C:\Users\MyPC\.m2\repository\log4j\log4j\1.2.17\log4j-1.2.17.jar;C:\Users\MyPC\.m2\repository\junit\junit\4.11-beta-1\junit-4.11-beta-1.jar;C:\Users\MyPC\.m2\repository\org\hamcrest\hamcrest-core\1.3\hamcrest-core-1.3.jar;C:\Users\MyPC\.m2\repository\org\springframework\spring-core\3.1.2.RELEASE\spring-core-3.1.2.RELEASE.jar;C:\Users\MyPC\.m2\repository\org\springframework\spring-asm\3.1.2.RELEASE\spring-asm-3.1.2.RELEASE.jar;C:\Users\MyPC\.m2\repository\commons-logging\commons-logging\1.1.1\commons-logging-1.1.1.jar;C:\Users\MyPC\.m2\repository\org\springframework\spring-context\3.1.2.RELEASE\spring-context-3.1.2.RELEASE.jar;C:\Users\MyPC\.m2\repository\org\springframework\spring-aop\3.1.2.RELEASE\spring-aop-3.1.2.RELEASE.jar;C:\Users\MyPC\.m2\repository\org\springframework\spring-jdbc\3.1.2.RELEASE\spring-jdbc-3.1.2.RELEASE.jar;C:\Users\MyPC\.m2\repository\org\springframework\spring-tx\3.1.2.RELEASE\spring-tx-3.1.2.RELEASE.jar;C:\Users\MyPC\.m2\repository\org\springframework\spring-beans\3.1.2.RELEASE\spring-beans-3.1.2.RELEASE.jar;C:\Users\MyPC\.m2\repository\org\springframework\spring-web\3.1.2.RELEASE\spring-web-3.1.2.RELEASE.jar;C:\Users\MyPC\.m2\repository\aopalliance\aopalliance\1.0\aopalliance-1.0.jar;C:\Users\MyPC\.m2\repository\org\springframework\spring-expression\3.1.2.RELEASE\spring-expression-3.1.2.RELEASE.jar;C:\Users\MyPC\.m2\repository\org\springframework\spring-orm\3.1.2.RELEASE\spring-orm-3.1.2.RELEASE.jar;"/>
    <property name="java.specification.name" value="Java Platform API Specification"/>
    <property name="java.class.version" value="50.0"/>
    <property name="sun.management.compiler" value="HotSpot 64-Bit Server Compiler"/>
    <property name="os.version" value="6.2"/>
    <property name="user.home" value="C:\Users\MyPC"/>
    <property name="user.timezone" value="Asia/Shanghai"/>
    <property name="java.awt.printerjob" value="sun.awt.windows.WPrinterJob"/>
    <property name="java.specification.version" value="1.6"/>
    <property name="file.encoding" value="GBK"/>
    <property name="user.name" value="MyPC"/>
    <property name="java.class.path" value="C:\Users\MyPC\Workspaces\MyEclipse 10\StandardMavenDemo1\target\test-classes;C:\Users\MyPC\Workspaces\MyEclipse 10\StandardMavenDemo1\target\classes;C:\Users\MyPC\.m2\repository\log4j\log4j\1.2.17\log4j-1.2.17.jar;C:\Users\MyPC\.m2\repository\junit\junit\4.11-beta-1\junit-4.11-beta-1.jar;C:\Users\MyPC\.m2\repository\org\hamcrest\hamcrest-core\1.3\hamcrest-core-1.3.jar;C:\Users\MyPC\.m2\repository\org\springframework\spring-core\3.1.2.RELEASE\spring-core-3.1.2.RELEASE.jar;C:\Users\MyPC\.m2\repository\org\springframework\spring-asm\3.1.2.RELEASE\spring-asm-3.1.2.RELEASE.jar;C:\Users\MyPC\.m2\repository\commons-logging\commons-logging\1.1.1\commons-logging-1.1.1.jar;C:\Users\MyPC\.m2\repository\org\springframework\spring-context\3.1.2.RELEASE\spring-context-3.1.2.RELEASE.jar;C:\Users\MyPC\.m2\repository\org\springframework\spring-aop\3.1.2.RELEASE\spring-aop-3.1.2.RELEASE.jar;C:\Users\MyPC\.m2\repository\org\springframework\spring-jdbc\3.1.2.RELEASE\spring-jdbc-3.1.2.RELEASE.jar;C:\Users\MyPC\.m2\repository\org\springframework\spring-tx\3.1.2.RELEASE\spring-tx-3.1.2.RELEASE.jar;C:\Users\MyPC\.m2\repository\org\springframework\spring-beans\3.1.2.RELEASE\spring-beans-3.1.2.RELEASE.jar;C:\Users\MyPC\.m2\repository\org\springframework\spring-web\3.1.2.RELEASE\spring-web-3.1.2.RELEASE.jar;C:\Users\MyPC\.m2\repository\aopalliance\aopalliance\1.0\aopalliance-1.0.jar;C:\Users\MyPC\.m2\repository\org\springframework\spring-expression\3.1.2.RELEASE\spring-expression-3.1.2.RELEASE.jar;C:\Users\MyPC\.m2\repository\org\springframework\spring-orm\3.1.2.RELEASE\spring-orm-3.1.2.RELEASE.jar;"/>
    <property name="java.vm.specification.version" value="1.0"/>
    <property name="sun.arch.data.model" value="64"/>
    <property name="java.home" value="C:\MyEclipse\Common\binary\com.sun.java.jdk.win32.x86_64_1.6.0.013\jre"/>
    <property name="java.specification.vendor" value="Sun Microsystems Inc."/>
    <property name="user.language" value="zh"/>
    <property name="awt.toolkit" value="sun.awt.windows.WToolkit"/>
    <property name="java.vm.info" value="mixed mode"/>
    <property name="java.version" value="1.6.0_13"/>
    <property name="java.ext.dirs" value="C:\MyEclipse\Common\binary\com.sun.java.jdk.win32.x86_64_1.6.0.013\jre\lib\ext;C:\Windows\Sun\Java\lib\ext"/>
    <property name="sun.boot.class.path" value="C:\MyEclipse\Common\binary\com.sun.java.jdk.win32.x86_64_1.6.0.013\jre\lib\resources.jar;C:\MyEclipse\Common\binary\com.sun.java.jdk.win32.x86_64_1.6.0.013\jre\lib\rt.jar;C:\MyEclipse\Common\binary\com.sun.java.jdk.win32.x86_64_1.6.0.013\jre\lib\sunrsasign.jar;C:\MyEclipse\Common\binary\com.sun.java.jdk.win32.x86_64_1.6.0.013\jre\lib\jsse.jar;C:\MyEclipse\Common\binary\com.sun.java.jdk.win32.x86_64_1.6.0.013\jre\lib\jce.jar;C:\MyEclipse\Common\binary\com.sun.java.jdk.win32.x86_64_1.6.0.013\jre\lib\charsets.jar;C:\MyEclipse\Common\binary\com.sun.java.jdk.win32.x86_64_1.6.0.013\jre\classes"/>
    <property name="java.vendor" value="Sun Microsystems Inc."/>
    <property name="localRepository" value="C:\Users\MyPC\.m2\repository"/>
    <property name="file.separator" value="\"/>
    <property name="java.vendor.url.bug" value="http://java.sun.com/cgi-bin/bugreport.cgi"/>
    <property name="sun.cpu.endian" value="little"/>
    <property name="sun.io.unicode.encoding" value="UnicodeLittle"/>
    <property name="sun.desktop" value="windows"/>
    <property name="sun.cpu.isalist" value="amd64"/>
  </properties>
  <testcase time="0.393" classname="com.maventest.user.TestUser" name="test"/>
</testsuite>